
> rss-reader@0.0.0 start
> ng serve --host 0.0.0.0 --disable-host-check

Warning: Running a server with --disable-host-check is a security risk. See https://medium.com/webpack/webpack-dev-server-middleware-security-issues-1489d950874a for more information.
The "disableHostCheck" option will not be used because it is not supported by the "@angular-devkit/build-angular:application" builder.
❯ Building...
✔ Building...
Initial chunk files | Names         |  Raw size
polyfills.js        | polyfills     |  90.20 kB |
main.js             | main          |  23.21 kB |
styles.css          | styles        | 206 bytes |

                    | Initial total | 113.62 kB

Application bundle generation complete. [3.151 seconds]

Watch mode enabled. Watching for file changes...
NOTE: Raw file sizes do not reflect development server per-request transformations.
  ➜  Local:   http://localhost:4200/
  ➜  Network: http://192.168.0.2:4200/
fatal error: all goroutines are asleep - deadlock!

goroutine 1 [chan receive]:
github.com/evanw/esbuild/internal/helpers.(*ThreadSafeWaitGroup).Wait(...)
	github.com/evanw/esbuild/internal/helpers/waitgroup.go:36
main.runService.func2()
	github.com/evanw/esbuild/cmd/esbuild/service.go:114 +0x51
main.runService(0x1)
	github.com/evanw/esbuild/cmd/esbuild/service.go:160 +0x517
main.main()
	github.com/evanw/esbuild/cmd/esbuild/main.go:241 +0x9d9

goroutine 18 [chan receive]:
main.runService.func1()
	github.com/evanw/esbuild/cmd/esbuild/service.go:98 +0x45
created by main.runService in goroutine 1
	github.com/evanw/esbuild/cmd/esbuild/service.go:97 +0x1db

goroutine 19 [chan receive]:
main.(*serviceType).sendRequest(0xc0000adef0, {0x954100, 0xc00067ce10})
	github.com/evanw/esbuild/cmd/esbuild/service.go:192 +0x12b
main.runService.func3()
	github.com/evanw/esbuild/cmd/esbuild/service.go:125 +0x3e
created by main.runService in goroutine 1
	github.com/evanw/esbuild/cmd/esbuild/service.go:122 +0x31b
